INFO: System info {"apifyVersion":"0.19.1","apifyClientVersion":"0.5.26","osType":"Darwin","nodeVersion":"v12.18.3"}
WARNING: Neither APIFY_LOCAL_STORAGE_DIR nor APIFY_TOKEN environment variable is set, defaulting to APIFY_LOCAL_STORAGE_DIR="/Volumes/Raiyan-External-HDD 1/School/University/Work-Study/Repositories/mediacat-domain-crawler/newCrawler/apify_storage"
//////////////////////////////////////////////////////////////////////////////////////////////
ROUND 1, CRAWLING URL 1 of 1: https://www.nytimes.com/
//////////////////////////////////////////////////////////////////////////////////////////////
Results folder created.
INFO: AutoscaledPool: Setting max memory of this run to 2048 MB. Use the APIFY_MEMORY_MBYTES environment variable to override it.
INFO: AutoscaledPool state {"currentConcurrency":0,"desiredConcurrency":2,"systemStatus":{"isSystemIdle":true,"memInfo":{"isOverloaded":false,"limitRatio":0.2,"actualRatio":null},"eventLoopInfo":{"isOverloaded":false,"limitRatio":0.4,"actualRatio":null},"cpuInfo":{"isOverloaded":false,"limitRatio":0.4,"actualRatio":null},"clientInfo":{"isOverloaded":false,"limitRatio":0.3,"actualRatio":null}}}
INFO: Launching Puppeteer {"headless":true,"stealth":true,"useChrome":false,"args":["--no-sandbox","--user-agent=Mozilla/5.0 (Macintosh; Intel Mac OS X 10_15_0) AppleWebKit/537.36 (KHTML, like Gecko) Chrome/79.0.3945.79 Safari/537.36"],"timeout":15000,"defaultViewport":{"width":1366,"height":768}}
Call to "https://www.nytimes.com/" took 1.7525648619998258 seconds.
Results/https___www_nytimes_com_/ folder created.
ERROR: PuppeteerPool: Puppeteer sent "disconnect" event. Maybe it crashed??? {"id":0}
ERROR: BasicCrawler: handleRequestFunction failed, reclaiming failed request back to the list or queue {"url":"https://www.nytimes.com/es/","retryCount":1,"id":"pAhMSyTCSL7XwSg"}
  Error: Navigation failed because browser has disconnected!
    at CDPSession.<anonymous> (/Volumes/Raiyan-External-HDD 1/School/University/Work-Study/Repositories/mediacat-domain-crawler/newCrawler/node_modules/apify/node_modules/puppeteer/lib/LifecycleWatcher.js:46:107)
    at CDPSession.emit (events.js:315:20)
    at CDPSession._onClosed (/Volumes/Raiyan-External-HDD 1/School/University/Work-Study/Repositories/mediacat-domain-crawler/newCrawler/node_modules/apify/node_modules/puppeteer/lib/Connection.js:215:10)
    at Connection._onClose (/Volumes/Raiyan-External-HDD 1/School/University/Work-Study/Repositories/mediacat-domain-crawler/newCrawler/node_modules/apify/node_modules/puppeteer/lib/Connection.js:138:15)
    at WebSocket.<anonymous> (/Volumes/Raiyan-External-HDD 1/School/University/Work-Study/Repositories/mediacat-domain-crawler/newCrawler/node_modules/apify/node_modules/puppeteer/lib/WebSocketTransport.js:48:22)
    at WebSocket.onClose (/Volumes/Raiyan-External-HDD 1/School/University/Work-Study/Repositories/mediacat-domain-crawler/newCrawler/node_modules/ws/lib/event-target.js:124:16)
    at WebSocket.emit (events.js:315:20)
    at WebSocket.emitClose (/Volumes/Raiyan-External-HDD 1/School/University/Work-Study/Repositories/mediacat-domain-crawler/newCrawler/node_modules/ws/lib/websocket.js:191:10)
    at Socket.socketOnClose (/Volumes/Raiyan-External-HDD 1/School/University/Work-Study/Repositories/mediacat-domain-crawler/newCrawler/node_modules/ws/lib/websocket.js:850:15)
    at Socket.emit (events.js:315:20)
    at TCP.<anonymous> (net.js:674:12)
  -- ASYNC --
    at Frame.<anonymous> (/Volumes/Raiyan-External-HDD 1/School/University/Work-Study/Repositories/mediacat-domain-crawler/newCrawler/node_modules/apify/node_modules/puppeteer/lib/helper.js:111:15)
    at Page.goto (/Volumes/Raiyan-External-HDD 1/School/University/Work-Study/Repositories/mediacat-domain-crawler/newCrawler/node_modules/apify/node_modules/puppeteer/lib/Page.js:675:49)...[truncated]
ERROR: BasicCrawler: handleRequestFunction failed, reclaiming failed request back to the list or queue {"url":"https://www.nytimes.com/ca/?action=click&region=Editions&pgtype=Homepage","retryCount":1,"id":"lPxXVodyckosaQz"}
  Error: Navigation failed because browser has disconnected!
    at CDPSession.<anonymous> (/Volumes/Raiyan-External-HDD 1/School/University/Work-Study/Repositories/mediacat-domain-crawler/newCrawler/node_modules/apify/node_modules/puppeteer/lib/LifecycleWatcher.js:46:107)
    at CDPSession.emit (events.js:315:20)
    at CDPSession._onClosed (/Volumes/Raiyan-External-HDD 1/School/University/Work-Study/Repositories/mediacat-domain-crawler/newCrawler/node_modules/apify/node_modules/puppeteer/lib/Connection.js:215:10)
    at Connection._onClose (/Volumes/Raiyan-External-HDD 1/School/University/Work-Study/Repositories/mediacat-domain-crawler/newCrawler/node_modules/apify/node_modules/puppeteer/lib/Connection.js:138:15)
    at WebSocket.<anonymous> (/Volumes/Raiyan-External-HDD 1/School/University/Work-Study/Repositories/mediacat-domain-crawler/newCrawler/node_modules/apify/node_modules/puppeteer/lib/WebSocketTransport.js:48:22)
    at WebSocket.onClose (/Volumes/Raiyan-External-HDD 1/School/University/Work-Study/Repositories/mediacat-domain-crawler/newCrawler/node_modules/ws/lib/event-target.js:124:16)
    at WebSocket.emit (events.js:315:20)
    at WebSocket.emitClose (/Volumes/Raiyan-External-HDD 1/School/University/Work-Study/Repositories/mediacat-domain-crawler/newCrawler/node_modules/ws/lib/websocket.js:191:10)
    at Socket.socketOnClose (/Volumes/Raiyan-External-HDD 1/School/University/Work-Study/Repositories/mediacat-domain-crawler/newCrawler/node_modules/ws/lib/websocket.js:850:15)
    at Socket.emit (events.js:315:20)
    at TCP.<anonymous> (net.js:674:12)
  -- ASYNC --
    at Frame.<anonymous> (/Volumes/Raiyan-External-HDD 1/School/University/Work-Study/Repositories/mediacat-domain-crawler/newCrawler/node_modules/apify/node_modules/puppeteer/lib/helper.js:111:15)
    at Page.goto (/Volumes/Raiyan-External-HDD 1/School/University/Work-Study/Repositories/mediacat-domain-crawler/newCrawler/node_modules/apify/node_modules/puppeteer/lib/Page.js:675:49)...[truncated]
ERROR: BasicCrawler: handleRequestFunction failed, reclaiming failed request back to the list or queue {"url":"https://www.nytimes.com/international/?action=click&region=Editions&pgtype=Homepage","retryCount":1,"id":"aMykbaypvmEBbrs"}
  Error: Protocol error (Page.navigate): Target closed.
    at /Volumes/Raiyan-External-HDD 1/School/University/Work-Study/Repositories/mediacat-domain-crawler/newCrawler/node_modules/apify/node_modules/puppeteer/lib/Connection.js:183:56
    at new Promise (<anonymous>)
    at CDPSession.send (/Volumes/Raiyan-External-HDD 1/School/University/Work-Study/Repositories/mediacat-domain-crawler/newCrawler/node_modules/apify/node_modules/puppeteer/lib/Connection.js:182:12)
    at navigate (/Volumes/Raiyan-External-HDD 1/School/University/Work-Study/Repositories/mediacat-domain-crawler/newCrawler/node_modules/apify/node_modules/puppeteer/lib/FrameManager.js:118:39)
    at FrameManager.navigateFrame (/Volumes/Raiyan-External-HDD 1/School/University/Work-Study/Repositories/mediacat-domain-crawler/newCrawler/node_modules/apify/node_modules/puppeteer/lib/FrameManager.js:95:7)
    at Frame.goto (/Volumes/Raiyan-External-HDD 1/School/University/Work-Study/Repositories/mediacat-domain-crawler/newCrawler/node_modules/apify/node_modules/puppeteer/lib/FrameManager.js:406:37)
    at Frame.<anonymous> (/Volumes/Raiyan-External-HDD 1/School/University/Work-Study/Repositories/mediacat-domain-crawler/newCrawler/node_modules/apify/node_modules/puppeteer/lib/helper.js:112:23)
    at Page.goto (/Volumes/Raiyan-External-HDD 1/School/University/Work-Study/Repositories/mediacat-domain-crawler/newCrawler/node_modules/apify/node_modules/puppeteer/lib/Page.js:675:49)
    at Page.<anonymous> (/Volumes/Raiyan-External-HDD 1/School/University/Work-Study/Repositories/mediacat-domain-crawler/newCrawler/node_modules/apify/node_modules/puppeteer/lib/helper.js:112:23)
    at PuppeteerCrawler.gotoFunction (/Volumes/Raiyan-External-HDD 1/School/University/Work-Study/Repositories/mediacat-domain-crawler/newCrawler/batchCrawl.js:195:28)
    at runMicrotasks (<anonymous>)
    at processTicksAndRejections (internal/process/task_queues.js:97:5)
    at async PuppeteerCrawler._handleRequestFunction (/V...[truncated]
INFO: Launching Puppeteer {"headless":true,"stealth":true,"useChrome":false,"args":["--no-sandbox","--user-agent=Mozilla/5.0 (Macintosh; Intel Mac OS X 10_15_0) AppleWebKit/537.36 (KHTML, like Gecko) Chrome/79.0.3945.79 Safari/537.36"],"timeout":15000,"defaultViewport":{"width":1366,"height":768}}
Call to "https://www.nytimes.com/subscription?campaignId=9YU8R" took 0.14443212199956434 seconds.
Call to "https://www.nytimes.com/section/todayspaper" took 0.5804323429996145 seconds.
Call to "https://www.nytimes.com/section/world" took 1.1438497749995449 seconds.
Call to "https://www.nytimes.com/section/us" took 0.6923426029998794 seconds.
INFO: BasicCrawler: Crawler reached the maxRequestsPerCrawl limit of 5 requests and will shut down soon. Requests that are in progress will be allowed to finish.
Call to "https://www.nytimes.com/section/politics" took 0.5819874239992373 seconds.
Call to "https://www.nytimes.com/section/nyregion" took 0.6399075839994453 seconds.
INFO: BasicCrawler: Earlier, the crawler reached the maxRequestsPerCrawl limit of 5 requests and all requests that were in progress at that time have now finished. In total, the crawler processed 7 requests and will shut down.
INFO: Crawler final request statistics: {"avgDurationMillis":5587,"perMinute":17,"finished":7,"failed":0,"retryHistogram":[7]}
Finished crawling https://www.nytimes.com/ 24.553081379000098 milliseconds.
//////////////////////////////////////////////////////////////////////////////////////////////
ROUND 2, CRAWLING URL 1 of 1: https://www.nytimes.com/
//////////////////////////////////////////////////////////////////////////////////////////////
INFO: AutoscaledPool: Setting max memory of this run to 2048 MB. Use the APIFY_MEMORY_MBYTES environment variable to override it.
INFO: AutoscaledPool state {"currentConcurrency":0,"desiredConcurrency":2,"systemStatus":{"isSystemIdle":true,"memInfo":{"isOverloaded":false,"limitRatio":0.2,"actualRatio":null},"eventLoopInfo":{"isOverloaded":false,"limitRatio":0.4,"actualRatio":null},"cpuInfo":{"isOverloaded":false,"limitRatio":0.4,"actualRatio":null},"clientInfo":{"isOverloaded":false,"limitRatio":0.3,"actualRatio":null}}}
INFO: Launching Puppeteer {"headless":true,"stealth":true,"useChrome":false,"args":["--no-sandbox","--user-agent=Mozilla/5.0 (Macintosh; Intel Mac OS X 10_15_0) AppleWebKit/537.36 (KHTML, like Gecko) Chrome/79.0.3945.79 Safari/537.36"],"timeout":15000,"defaultViewport":{"width":1366,"height":768}}
Call to "https://www.nytimes.com/section/opinion" took 0.7484262999994655 seconds.
Call to "https://www.nytimes.com/section/business" took 0.5222146950000877 seconds.
Call to "https://www.nytimes.com/section/technology" took 0.41679578599985234 seconds.
INFO: BasicCrawler: Crawler reached the maxRequestsPerCrawl limit of 10 requests and will shut down soon. Requests that are in progress will be allowed to finish.
Call to "https://www.nytimes.com/section/science" took 1.0543503740001512 seconds.
INFO: BasicCrawler: Earlier, the crawler reached the maxRequestsPerCrawl limit of 10 requests and all requests that were in progress at that time have now finished. In total, the crawler processed 11 requests and will shut down.
INFO: Crawler final request statistics: {"avgDurationMillis":5004,"perMinute":23,"finished":4,"failed":0,"retryHistogram":[4]}
Finished crawling https://www.nytimes.com/ 10.736222973999567 milliseconds.
//////////////////////////////////////////////////////////////////////////////////////////////
ROUND 3, CRAWLING URL 1 of 1: https://www.nytimes.com/
//////////////////////////////////////////////////////////////////////////////////////////////
INFO: AutoscaledPool: Setting max memory of this run to 2048 MB. Use the APIFY_MEMORY_MBYTES environment variable to override it.
INFO: AutoscaledPool state {"currentConcurrency":0,"desiredConcurrency":2,"systemStatus":{"isSystemIdle":true,"memInfo":{"isOverloaded":false,"limitRatio":0.2,"actualRatio":null},"eventLoopInfo":{"isOverloaded":false,"limitRatio":0.4,"actualRatio":null},"cpuInfo":{"isOverloaded":false,"limitRatio":0.4,"actualRatio":null},"clientInfo":{"isOverloaded":false,"limitRatio":0.3,"actualRatio":null}}}
INFO: Launching Puppeteer {"headless":true,"stealth":true,"useChrome":false,"args":["--no-sandbox","--user-agent=Mozilla/5.0 (Macintosh; Intel Mac OS X 10_15_0) AppleWebKit/537.36 (KHTML, like Gecko) Chrome/79.0.3945.79 Safari/537.36"],"timeout":15000,"defaultViewport":{"width":1366,"height":768}}
Call to "https://www.nytimes.com/section/health" took 1.0062593679996255 seconds.
Call to "https://www.nytimes.com/section/sports" took 0.9882911200001843 seconds.
Call to "https://www.nytimes.com/section/arts" took 0.645512484000065 seconds.
Call to "https://www.nytimes.com/section/books" took 0.7183599840002088 seconds.
INFO: BasicCrawler: Crawler reached the maxRequestsPerCrawl limit of 15 requests and will shut down soon. Requests that are in progress will be allowed to finish.
INFO: BasicCrawler: Earlier, the crawler reached the maxRequestsPerCrawl limit of 15 requests and all requests that were in progress at that time have now finished. In total, the crawler processed 15 requests and will shut down.
INFO: Crawler final request statistics: {"avgDurationMillis":4532,"perMinute":26,"finished":4,"failed":0,"retryHistogram":[4]}
Finished crawling https://www.nytimes.com/ 9.204054512999946 milliseconds.
//////////////////////////////////////////////////////////////////////////////////////////////
ROUND 4, CRAWLING URL 1 of 1: https://www.nytimes.com/
//////////////////////////////////////////////////////////////////////////////////////////////
INFO: AutoscaledPool: Setting max memory of this run to 2048 MB. Use the APIFY_MEMORY_MBYTES environment variable to override it.
INFO: AutoscaledPool state {"currentConcurrency":0,"desiredConcurrency":2,"systemStatus":{"isSystemIdle":true,"memInfo":{"isOverloaded":false,"limitRatio":0.2,"actualRatio":null},"eventLoopInfo":{"isOverloaded":false,"limitRatio":0.4,"actualRatio":null},"cpuInfo":{"isOverloaded":false,"limitRatio":0.4,"actualRatio":null},"clientInfo":{"isOverloaded":false,"limitRatio":0.3,"actualRatio":null}}}
INFO: Launching Puppeteer {"headless":true,"stealth":true,"useChrome":false,"args":["--no-sandbox","--user-agent=Mozilla/5.0 (Macintosh; Intel Mac OS X 10_15_0) AppleWebKit/537.36 (KHTML, like Gecko) Chrome/79.0.3945.79 Safari/537.36"],"timeout":15000,"defaultViewport":{"width":1366,"height":768}}
Call to "https://www.nytimes.com/section/food" took 0.8722864169999909 seconds.
Call to "https://www.nytimes.com/section/style" took 0.6538005720004421 seconds.
Call to "https://www.nytimes.com/section/magazine" took 0.22138751499913667 seconds.
Call to "https://www.nytimes.com/section/travel" took 0.3911658439999428 seconds.
Call to "https://www.nytimes.com/section/realestate" took 0.5177988710003021 seconds.
INFO: BasicCrawler: Crawler reached the maxRequestsPerCrawl limit of 20 requests and will shut down soon. Requests that are in progress will be allowed to finish.
Call to "https://www.nytimes.com/section/t-magazine" took 0.7956316440003022 seconds.
Call to "https://www.nytimes.com/video" took 0.4168913890002415 seconds.
INFO: BasicCrawler: Earlier, the crawler reached the maxRequestsPerCrawl limit of 20 requests and all requests that were in progress at that time have now finished. In total, the crawler processed 22 requests and will shut down.
INFO: Crawler final request statistics: {"avgDurationMillis":5099,"perMinute":26,"finished":7,"failed":0,"retryHistogram":[7]}
Finished crawling https://www.nytimes.com/ 16.114101772000076 milliseconds.
//////////////////////////////////////////////////////////////////////////////////////////////
ROUND 5, CRAWLING URL 1 of 1: https://www.nytimes.com/
//////////////////////////////////////////////////////////////////////////////////////////////
INFO: AutoscaledPool: Setting max memory of this run to 2048 MB. Use the APIFY_MEMORY_MBYTES environment variable to override it.
INFO: AutoscaledPool state {"currentConcurrency":0,"desiredConcurrency":2,"systemStatus":{"isSystemIdle":true,"memInfo":{"isOverloaded":false,"limitRatio":0.2,"actualRatio":null},"eventLoopInfo":{"isOverloaded":false,"limitRatio":0.4,"actualRatio":null},"cpuInfo":{"isOverloaded":false,"limitRatio":0.4,"actualRatio":null},"clientInfo":{"isOverloaded":false,"limitRatio":0.3,"actualRatio":null}}}
INFO: Launching Puppeteer {"headless":true,"stealth":true,"useChrome":false,"args":["--no-sandbox","--user-agent=Mozilla/5.0 (Macintosh; Intel Mac OS X 10_15_0) AppleWebKit/537.36 (KHTML, like Gecko) Chrome/79.0.3945.79 Safari/537.36"],"timeout":15000,"defaultViewport":{"width":1366,"height":768}}
Call to "https://www.nytimes.com/2021/06/02/style/modern-love-podcast-catfish-dating-apps-scam.html?action=click&module=Briefings&pgtype=Homepage" took 0.9648561880001836 seconds.
Call to "https://www.nytimes.com/2021/06/07/briefing/biden-infrastructure-manchin-alzheimers-guatemala.html?action=click&module=Briefings&pgtype=Homepage" took 0.9619280489999795 seconds.
Call to "https://www.nytimes.com/live/2021/06/07/us/biden-news-today/?action=click&module=Spotlight&pgtype=Homepage" took 1.8743472450003082 seconds.
Call to "https://www.nytimes.com/2021/06/07/us/politics/kamala-harris-guatemala.html?action=click&module=Spotlight&pgtype=Homepage" took 1.7395394280003416 seconds.
Call to "https://www.nytimes.com/2021/05/19/podcasts/far-right-german-extremism.html?action=click&module=Briefings&pgtype=Homepage" took 0.5319844209998763 seconds.
INFO: BasicCrawler: Crawler reached the maxRequestsPerCrawl limit of 25 requests and will shut down soon. Requests that are in progress will be allowed to finish.
Call to "https://www.nytimes.com/2021/06/07/us/supreme-court-draft.html?action=click&module=Spotlight&pgtype=Homepage" took 0.2928119700001588 seconds.
INFO: BasicCrawler: Earlier, the crawler reached the maxRequestsPerCrawl limit of 25 requests and all requests that were in progress at that time have now finished. In total, the crawler processed 28 requests and will shut down.
INFO: Crawler final request statistics: {"avgDurationMillis":10064,"perMinute":13,"finished":6,"failed":0,"retryHistogram":[6]}
Finished crawling https://www.nytimes.com/ 27.61041689699981 milliseconds.
//////////////////////////////////////////////////////////////////////////////////////////////
ROUND 6, CRAWLING URL 1 of 1: https://www.nytimes.com/
//////////////////////////////////////////////////////////////////////////////////////////////
INFO: AutoscaledPool: Setting max memory of this run to 2048 MB. Use the APIFY_MEMORY_MBYTES environment variable to override it.
INFO: AutoscaledPool state {"currentConcurrency":0,"desiredConcurrency":2,"systemStatus":{"isSystemIdle":true,"memInfo":{"isOverloaded":false,"limitRatio":0.2,"actualRatio":null},"eventLoopInfo":{"isOverloaded":false,"limitRatio":0.4,"actualRatio":null},"cpuInfo":{"isOverloaded":false,"limitRatio":0.4,"actualRatio":null},"clientInfo":{"isOverloaded":false,"limitRatio":0.3,"actualRatio":null}}}
INFO: Launching Puppeteer {"headless":true,"stealth":true,"useChrome":false,"args":["--no-sandbox","--user-agent=Mozilla/5.0 (Macintosh; Intel Mac OS X 10_15_0) AppleWebKit/537.36 (KHTML, like Gecko) Chrome/79.0.3945.79 Safari/537.36"],"timeout":15000,"defaultViewport":{"width":1366,"height":768}}
Call to "https://www.nytimes.com/2021/06/07/health/aduhelm-fda-alzheimers-drug.html?action=click&module=Top%20Stories&pgtype=Homepage" took 0.46113015499990695 seconds.
Call to "https://www.nytimes.com/2021/06/07/us/politics/republican-election-fraud-claims.html?action=click&module=Top%20Stories&pgtype=Homepage" took 0.6530711499992776 seconds.
INFO: BasicCrawler: Crawler reached the maxRequestsPerCrawl limit of 30 requests and will shut down soon. Requests that are in progress will be allowed to finish.
Call to "https://www.nytimes.com/interactive/2021/06/07/technology/trump-social-media-ban.html?action=click&module=Top%20Stories&pgtype=Homepage" took 0.39772493399958364 seconds.
INFO: BasicCrawler: Earlier, the crawler reached the maxRequestsPerCrawl limit of 30 requests and all requests that were in progress at that time have now finished. In total, the crawler processed 31 requests and will shut down.
INFO: Crawler final request statistics: {"avgDurationMillis":7303,"perMinute":13,"finished":3,"failed":0,"retryHistogram":[3]}
Finished crawling https://www.nytimes.com/ 13.677111425000248 milliseconds.
//////////////////////////////////////////////////////////////////////////////////////////////
ROUND 7, CRAWLING URL 1 of 1: https://www.nytimes.com/
//////////////////////////////////////////////////////////////////////////////////////////////
INFO: AutoscaledPool: Setting max memory of this run to 2048 MB. Use the APIFY_MEMORY_MBYTES environment variable to override it.
INFO: AutoscaledPool state {"currentConcurrency":0,"desiredConcurrency":2,"systemStatus":{"isSystemIdle":true,"memInfo":{"isOverloaded":false,"limitRatio":0.2,"actualRatio":null},"eventLoopInfo":{"isOverloaded":false,"limitRatio":0.4,"actualRatio":null},"cpuInfo":{"isOverloaded":false,"limitRatio":0.4,"actualRatio":null},"clientInfo":{"isOverloaded":false,"limitRatio":0.3,"actualRatio":null}}}
INFO: Launching Puppeteer {"headless":true,"stealth":true,"useChrome":false,"args":["--no-sandbox","--user-agent=Mozilla/5.0 (Macintosh; Intel Mac OS X 10_15_0) AppleWebKit/537.36 (KHTML, like Gecko) Chrome/79.0.3945.79 Safari/537.36"],"timeout":15000,"defaultViewport":{"width":1366,"height":768}}
Call to "https://www.nytimes.com/2021/06/07/business/energy-environment/offshore-wind-biden-climate-change.html?action=click&module=Top%20Stories&pgtype=Homepage" took 1.09528773400001 seconds.
Call to "https://www.nytimes.com/2021/06/07/climate/FEMA-race-climate.html?action=click&module=Top%20Stories&pgtype=Homepage" took 1.0845738409999655 seconds.
Call to "https://www.nytimes.com/2021/06/07/health/covid-alpha-uk-variant.html?action=click&module=Top%20Stories&pgtype=Homepage" took 0.6031942879995285 seconds.
Call to "https://www.nytimes.com/interactive/2021/us/covid-cases.html?action=click&module=Top%20Stories&pgtype=Homepage" took 6.6705133699998385 seconds.
Call to "https://www.nytimes.com/interactive/2020/us/covid-19-vaccine-doses.html?action=click&module=Top%20Stories&pgtype=Homepage" took 8.0683405489996 seconds.
INFO: BasicCrawler: Crawler reached the maxRequestsPerCrawl limit of 35 requests and will shut down soon. Requests that are in progress will be allowed to finish.
Call to "https://www.nytimes.com/interactive/2020/world/coronavirus-maps.html?action=click&module=Top%20Stories&pgtype=Homepage" took 3.448101046999909 seconds.
Call to "https://www.nytimes.com/live/2021/06/07/world/covid-vaccine-coronavirus-mask?action=click&module=Top%20Stories&pgtype=Homepage" took 0.7450237440001217 seconds.
INFO: BasicCrawler: Earlier, the crawler reached the maxRequestsPerCrawl limit of 35 requests and all requests that were in progress at that time have now finished. In total, the crawler processed 38 requests and will shut down.
INFO: Crawler final request statistics: {"avgDurationMillis":15398,"perMinute":11,"finished":7,"failed":0,"retryHistogram":[7]}
Finished crawling https://www.nytimes.com/ 40.30603115800024 milliseconds.
//////////////////////////////////////////////////////////////////////////////////////////////
ROUND 8, CRAWLING URL 1 of 1: https://www.nytimes.com/
//////////////////////////////////////////////////////////////////////////////////////////////
INFO: AutoscaledPool: Setting max memory of this run to 2048 MB. Use the APIFY_MEMORY_MBYTES environment variable to override it.
INFO: AutoscaledPool state {"currentConcurrency":0,"desiredConcurrency":2,"systemStatus":{"isSystemIdle":true,"memInfo":{"isOverloaded":false,"limitRatio":0.2,"actualRatio":null},"eventLoopInfo":{"isOverloaded":false,"limitRatio":0.4,"actualRatio":null},"cpuInfo":{"isOverloaded":false,"limitRatio":0.4,"actualRatio":null},"clientInfo":{"isOverloaded":false,"limitRatio":0.3,"actualRatio":null}}}
INFO: Launching Puppeteer {"headless":true,"stealth":true,"useChrome":false,"args":["--no-sandbox","--user-agent=Mozilla/5.0 (Macintosh; Intel Mac OS X 10_15_0) AppleWebKit/537.36 (KHTML, like Gecko) Chrome/79.0.3945.79 Safari/537.36"],"timeout":15000,"defaultViewport":{"width":1366,"height":768}}
Call to "https://www.nytimes.com/interactive/2021/world/covid-vaccinations-tracker.html?action=click&module=Top%20Stories&pgtype=Homepage" took 12.568781985000697 seconds.
Call to "https://www.nytimes.com/interactive/2020/us/states-reopen-map-coronavirus.html?action=click&module=Top%20Stories&pgtype=Homepage" took 9.252982524000117 seconds.
INFO: BasicCrawler: Crawler reached the maxRequestsPerCrawl limit of 40 requests and will shut down soon. Requests that are in progress will be allowed to finish.
Call to "https://www.nytimes.com/interactive/2020/science/coronavirus-vaccine-tracker.html?action=click&module=Top%20Stories&pgtype=Homepage" took 2.7093431249996627 seconds.
Call to "https://www.nytimes.com/2021/06/07/world/middleeast/east-jerusalem-house-divided.html?action=click&module=Top%20Stories&pgtype=Homepage" took 0.31002476800045997 seconds.
INFO: BasicCrawler: Earlier, the crawler reached the maxRequestsPerCrawl limit of 40 requests and all requests that were in progress at that time have now finished. In total, the crawler processed 42 requests and will shut down.
INFO: Crawler final request statistics: {"avgDurationMillis":13508,"perMinute":9,"finished":4,"failed":0,"retryHistogram":[4]}
Finished crawling https://www.nytimes.com/ 27.272145549000243 milliseconds.
//////////////////////////////////////////////////////////////////////////////////////////////
ROUND 9, CRAWLING URL 1 of 1: https://www.nytimes.com/
//////////////////////////////////////////////////////////////////////////////////////////////
INFO: AutoscaledPool: Setting max memory of this run to 2048 MB. Use the APIFY_MEMORY_MBYTES environment variable to override it.
INFO: AutoscaledPool state {"currentConcurrency":0,"desiredConcurrency":2,"systemStatus":{"isSystemIdle":true,"memInfo":{"isOverloaded":false,"limitRatio":0.2,"actualRatio":null},"eventLoopInfo":{"isOverloaded":false,"limitRatio":0.4,"actualRatio":null},"cpuInfo":{"isOverloaded":false,"limitRatio":0.4,"actualRatio":null},"clientInfo":{"isOverloaded":false,"limitRatio":0.3,"actualRatio":null}}}
INFO: Launching Puppeteer {"headless":true,"stealth":true,"useChrome":false,"args":["--no-sandbox","--user-agent=Mozilla/5.0 (Macintosh; Intel Mac OS X 10_15_0) AppleWebKit/537.36 (KHTML, like Gecko) Chrome/79.0.3945.79 Safari/537.36"],"timeout":15000,"defaultViewport":{"width":1366,"height":768}}
